2026-02-07 16:24:28,661 : Test_OrangeHRM_Login_001 : test_verify_url_001 : INFO - Starting Test: Verify OrangeHRM Login Page URL
2026-02-07 16:24:28,661 : Test_OrangeHRM_Login_001 : test_verify_url_001 : INFO - Navigating to OrangeHRM Login Page
2026-02-07 16:24:38,703 : Test_OrangeHRM_Login_001 : test_verify_url_001 : INFO - OrangeHRM Login Page Loaded
2026-02-07 16:24:38,709 : Test_OrangeHRM_Login_001 : test_verify_url_001 : INFO - OrangeHRM Login Page URL Verified
2026-02-07 16:24:38,775 : Test_OrangeHRM_Login_001 : test_verify_url_001 : INFO - Screenshot of Passed Test Saved
2026-02-07 16:24:38,777 : Test_OrangeHRM_Login_001 : test_verify_url_001 : INFO - test_verify_url_001 test Completed
2026-02-07 16:24:38,777 : Test_OrangeHRM_Login_001 : test_verify_url_001 : INFO - =============================================================
2026-02-07 16:24:38,782 : Test_OrangeHRM_Login_001 : test_OrangeHRM_Login_002 : INFO - Starting Test: Verify OrangeHRM Login Functionality
2026-02-07 16:24:38,782 : Test_OrangeHRM_Login_001 : test_OrangeHRM_Login_002 : INFO - Navigating to OrangeHRM Login Page
2026-02-07 16:24:39,517 : Test_OrangeHRM_Login_001 : test_OrangeHRM_Login_002 : INFO - OrangeHRM Login Page Loaded
2026-02-07 16:24:39,517 : Test_OrangeHRM_Login_001 : test_OrangeHRM_Login_002 : INFO - Entering Username and Password
2026-02-07 16:24:41,676 : Test_OrangeHRM_Login_001 : test_OrangeHRM_Login_002 : INFO - Clicking Login Button
2026-02-07 16:24:41,733 : Test_OrangeHRM_Login_001 : test_OrangeHRM_Login_002 : INFO - Login Attempt Completed
2026-02-07 16:24:44,839 : Test_OrangeHRM_Login_001 : test_OrangeHRM_Login_002 : INFO - Login Successful
2026-02-07 16:24:44,948 : Test_OrangeHRM_Login_001 : test_OrangeHRM_Login_002 : INFO - Screenshot of Passed Test Saved
2026-02-07 16:24:48,915 : Test_OrangeHRM_Login_001 : test_OrangeHRM_Login_002 : INFO - test_OrangeHRM_Login_002 test Completed
2026-02-07 16:24:48,915 : Test_OrangeHRM_Login_001 : test_OrangeHRM_Login_002 : INFO - =============================================================
2026-02-07 16:24:52,234 : Test_OrangeHRM_Login_DDT_002 : test_OrangeHRM_Login_DDT_003 : INFO - Starting Test: Verify OrangeHRM Login Functionality
2026-02-07 16:27:32,458 : Test_OrangeHRM_Login_001 : test_OrangeHRM_Login_002 : INFO - Starting Test: Verify OrangeHRM Login Functionality
2026-02-07 16:27:32,459 : Test_OrangeHRM_Login_001 : test_OrangeHRM_Login_002 : INFO - Navigating to OrangeHRM Login Page
2026-02-07 16:27:32,852 : Test_OrangeHRM_Login_001 : test_verify_url_001 : INFO - Starting Test: Verify OrangeHRM Login Page URL
2026-02-07 16:27:32,853 : Test_OrangeHRM_Login_001 : test_verify_url_001 : INFO - Navigating to OrangeHRM Login Page
2026-02-07 16:27:32,918 : Test_OrangeHRM_Login_DDT_002 : test_OrangeHRM_Login_DDT_003 : INFO - Starting Test: Verify OrangeHRM Login Functionality
2026-02-07 16:27:38,334 : Test_OrangeHRM_Login_001 : test_OrangeHRM_Login_002 : INFO - OrangeHRM Login Page Loaded
2026-02-07 16:27:38,334 : Test_OrangeHRM_Login_001 : test_OrangeHRM_Login_002 : INFO - Entering Username and Password
2026-02-07 16:27:39,474 : Test_OrangeHRM_Login_001 : test_OrangeHRM_Login_002 : INFO - Clicking Login Button
2026-02-07 16:27:39,534 : Test_OrangeHRM_Login_001 : test_OrangeHRM_Login_002 : INFO - Login Attempt Completed
2026-02-07 16:27:42,680 : Test_OrangeHRM_Login_001 : test_OrangeHRM_Login_002 : INFO - Login Successful
2026-02-07 16:27:42,794 : Test_OrangeHRM_Login_001 : test_OrangeHRM_Login_002 : INFO - Screenshot of Passed Test Saved
2026-02-07 16:27:45,774 : Test_OrangeHRM_Login_001 : test_verify_url_001 : INFO - OrangeHRM Login Page Loaded
2026-02-07 16:27:45,778 : Test_OrangeHRM_Login_001 : test_verify_url_001 : INFO - OrangeHRM Login Page URL Verified
2026-02-07 16:27:45,846 : Test_OrangeHRM_Login_001 : test_verify_url_001 : INFO - Screenshot of Passed Test Saved
2026-02-07 16:27:45,848 : Test_OrangeHRM_Login_001 : test_verify_url_001 : INFO - test_verify_url_001 test Completed
2026-02-07 16:27:45,848 : Test_OrangeHRM_Login_001 : test_verify_url_001 : INFO - =============================================================
2026-02-07 16:27:45,999 : Test_OrangeHRM_Login_001 : test_OrangeHRM_Login_002 : INFO - test_OrangeHRM_Login_002 test Completed
2026-02-07 16:27:46,000 : Test_OrangeHRM_Login_001 : test_OrangeHRM_Login_002 : INFO - =============================================================
2026-02-07 16:31:03,994 : Test_OrangeHRM_Login_001 : test_OrangeHRM_Login_002 : INFO - Starting Test: Verify OrangeHRM Login Functionality
2026-02-07 16:31:03,995 : Test_OrangeHRM_Login_001 : test_OrangeHRM_Login_002 : INFO - Navigating to OrangeHRM Login Page
2026-02-07 16:31:04,496 : Test_OrangeHRM_Login_001 : test_verify_url_001 : INFO - Starting Test: Verify OrangeHRM Login Page URL
2026-02-07 16:31:04,497 : Test_OrangeHRM_Login_001 : test_verify_url_001 : INFO - Navigating to OrangeHRM Login Page
2026-02-07 16:31:04,512 : Test_OrangeHRM_Login_DDT_002 : test_OrangeHRM_Login_DDT_003 : INFO - Starting Test: Verify OrangeHRM Login Functionality
2026-02-07 16:31:04,524 : Test_OrangeHRM_Login_DDT_002 : test_OrangeHRM_Login_DDT_003 : INFO - Total Rows in Excel: 5
2026-02-07 16:31:04,547 : Test_OrangeHRM_Login_DDT_002 : test_OrangeHRM_Login_DDT_003 : INFO - Test Data: Username=Admin, Password=admin123, Expected Result=Login Successful
2026-02-07 16:31:04,548 : Test_OrangeHRM_Login_DDT_002 : test_OrangeHRM_Login_DDT_003 : INFO - Navigating to OrangeHRM Login Page
2026-02-07 16:31:11,600 : Test_OrangeHRM_Login_DDT_002 : test_OrangeHRM_Login_DDT_003 : INFO - OrangeHRM Login Page Loaded
2026-02-07 16:31:13,390 : Test_OrangeHRM_Login_001 : test_verify_url_001 : INFO - OrangeHRM Login Page Loaded
2026-02-07 16:31:13,394 : Test_OrangeHRM_Login_001 : test_verify_url_001 : INFO - OrangeHRM Login Page URL Verified
2026-02-07 16:31:13,463 : Test_OrangeHRM_Login_001 : test_verify_url_001 : INFO - Screenshot of Passed Test Saved
2026-02-07 16:31:13,465 : Test_OrangeHRM_Login_001 : test_verify_url_001 : INFO - test_verify_url_001 test Completed
2026-02-07 16:31:13,465 : Test_OrangeHRM_Login_001 : test_verify_url_001 : INFO - =============================================================
2026-02-07 16:31:13,805 : Test_OrangeHRM_Login_001 : test_OrangeHRM_Login_002 : INFO - OrangeHRM Login Page Loaded
2026-02-07 16:31:13,805 : Test_OrangeHRM_Login_001 : test_OrangeHRM_Login_002 : INFO - Entering Username and Password
2026-02-07 16:31:14,967 : Test_OrangeHRM_Login_001 : test_OrangeHRM_Login_002 : INFO - Clicking Login Button
2026-02-07 16:31:15,023 : Test_OrangeHRM_Login_001 : test_OrangeHRM_Login_002 : INFO - Login Attempt Completed
2026-02-07 16:31:15,892 : Test_OrangeHRM_Login_DDT_002 : test_OrangeHRM_Login_DDT_003 : INFO - Login Successful for Username=Admin
2026-02-07 16:31:18,536 : Test_OrangeHRM_Login_001 : test_OrangeHRM_Login_002 : INFO - Login Successful
2026-02-07 16:31:18,651 : Test_OrangeHRM_Login_001 : test_OrangeHRM_Login_002 : INFO - Screenshot of Passed Test Saved
2026-02-07 16:31:20,792 : Test_OrangeHRM_Login_DDT_002 : test_OrangeHRM_Login_DDT_003 : INFO - Test Passed for Username=Admin
2026-02-07 16:31:20,841 : Test_OrangeHRM_Login_DDT_002 : test_OrangeHRM_Login_DDT_003 : INFO - Test Data: Username=Admin1, Password=admin123, Expected Result=Login Failed
2026-02-07 16:31:20,841 : Test_OrangeHRM_Login_DDT_002 : test_OrangeHRM_Login_DDT_003 : INFO - Navigating to OrangeHRM Login Page
2026-02-07 16:31:21,503 : Test_OrangeHRM_Login_DDT_002 : test_OrangeHRM_Login_DDT_003 : INFO - OrangeHRM Login Page Loaded
2026-02-07 16:31:21,868 : Test_OrangeHRM_Login_001 : test_OrangeHRM_Login_002 : INFO - test_OrangeHRM_Login_002 test Completed
2026-02-07 16:31:21,869 : Test_OrangeHRM_Login_001 : test_OrangeHRM_Login_002 : INFO - =============================================================
2026-02-07 16:31:32,694 : Test_OrangeHRM_Login_DDT_002 : test_OrangeHRM_Login_DDT_003 : ERROR - Login Failed for Username=Admin1
2026-02-07 16:31:32,809 : Test_OrangeHRM_Login_DDT_002 : test_OrangeHRM_Login_DDT_003 : INFO - Test Passed for Username=Admin1
2026-02-07 16:31:32,842 : Test_OrangeHRM_Login_DDT_002 : test_OrangeHRM_Login_DDT_003 : INFO - Test Data: Username=Admin, Password=admin1231, Expected Result=Login Failed
2026-02-07 16:31:32,842 : Test_OrangeHRM_Login_DDT_002 : test_OrangeHRM_Login_DDT_003 : INFO - Navigating to OrangeHRM Login Page
2026-02-07 16:31:33,637 : Test_OrangeHRM_Login_DDT_002 : test_OrangeHRM_Login_DDT_003 : INFO - OrangeHRM Login Page Loaded
2026-02-07 16:31:45,098 : Test_OrangeHRM_Login_DDT_002 : test_OrangeHRM_Login_DDT_003 : ERROR - Login Failed for Username=Admin
2026-02-07 16:31:45,177 : Test_OrangeHRM_Login_DDT_002 : test_OrangeHRM_Login_DDT_003 : INFO - Test Passed for Username=Admin
2026-02-07 16:31:45,218 : Test_OrangeHRM_Login_DDT_002 : test_OrangeHRM_Login_DDT_003 : INFO - Test Data: Username=Admin1, Password=admin1231, Expected Result=Login Failed
2026-02-07 16:31:45,218 : Test_OrangeHRM_Login_DDT_002 : test_OrangeHRM_Login_DDT_003 : INFO - Navigating to OrangeHRM Login Page
2026-02-07 16:31:46,038 : Test_OrangeHRM_Login_DDT_002 : test_OrangeHRM_Login_DDT_003 : INFO - OrangeHRM Login Page Loaded
2026-02-07 16:31:57,680 : Test_OrangeHRM_Login_DDT_002 : test_OrangeHRM_Login_DDT_003 : ERROR - Login Failed for Username=Admin1
2026-02-07 16:31:57,765 : Test_OrangeHRM_Login_DDT_002 : test_OrangeHRM_Login_DDT_003 : INFO - Test Passed for Username=Admin1
2026-02-07 16:31:57,774 : Test_OrangeHRM_Login_DDT_002 : test_OrangeHRM_Login_DDT_003 : INFO - Test Results: ['Pass', 'Pass', 'Pass', 'Pass']
2026-02-07 16:31:57,774 : Test_OrangeHRM_Login_DDT_002 : test_OrangeHRM_Login_DDT_003 : INFO - test_OrangeHRM_Login_DDT_003 test Completed
2026-02-07 16:31:57,774 : Test_OrangeHRM_Login_DDT_002 : test_OrangeHRM_Login_DDT_003 : INFO - =============================================================
